# JRE version: Java(TM) SE Runtime Environment (12.0.1+12) (build 12.0.1+12)
# Java VM: Java HotSpot(TM) 64-Bit Server VM (12.0.1+12, mixed mode, sharing, tiered, compressed oops, g1 gc, linux-amd64)
Heap:
 garbage-first heap   total 438272K, used 284388K [0x0000000706a00000, 0x0000000800000000)
  region size 1024K, 43 young (44032K), 12 survivors (12288K)
 Metaspace       used 6010K, capacity 6440K, committed 6528K, reserved 1056768K
  class space    used 498K, capacity 606K, committed 640K, reserved 1048576K
GC Heap History (10 events):
Event: 1,569 GC heap before
{Heap before GC invocations=7 (full 0):
 garbage-first heap   total 327680K, used 138899K [0x0000000706a00000, 0x0000000800000000)
  region size 1024K, 64 young (65536K), 7 survivors (7168K)
 Metaspace       used 5922K, capacity 6376K, committed 6528K, reserved 1056768K
  class space    used 494K, capacity 606K, committed 640K, reserved 1048576K
}
Event: 1,578 GC heap after
{Heap after GC invocations=8 (full 0):
 garbage-first heap   total 327680K, used 104596K [0x0000000706a00000, 0x0000000800000000)
  region size 1024K, 8 young (8192K), 8 survivors (8192K)
 Metaspace       used 5922K, capacity 6376K, committed 6528K, reserved 1056768K
  class space    used 494K, capacity 606K, committed 640K, reserved 1048576K
}
Event: 1,754 GC heap before
{Heap before GC invocations=8 (full 0):
 garbage-first heap   total 327680K, used 217236K [0x0000000706a00000, 0x0000000800000000)
  region size 1024K, 119 young (121856K), 8 survivors (8192K)
 Metaspace       used 5922K, capacity 6376K, committed 6528K, reserved 1056768K
  class space    used 494K, capacity 606K, committed 640K, reserved 1048576K
}
Event: 1,769 GC heap after
{Heap after GC invocations=9 (full 0):
 garbage-first heap   total 438272K, used 146879K [0x0000000706a00000, 0x0000000800000000)
  region size 1024K, 15 young (15360K), 15 survivors (15360K)
 Metaspace       used 5922K, capacity 6376K, committed 6528K, reserved 1056768K
  class space    used 494K, capacity 606K, committed 640K, reserved 1048576K
}
Event: 1,965 GC heap before
{Heap before GC invocations=9 (full 0):
 garbage-first heap   total 438272K, used 256447K [0x0000000706a00000, 0x0000000800000000)
  region size 1024K, 123 young (125952K), 15 survivors (15360K)
 Metaspace       used 5926K, capacity 6376K, committed 6528K, reserved 1056768K
  class space    used 494K, capacity 606K, committed 640K, reserved 1048576K
}
Event: 1,982 GC heap after
{Heap after GC invocations=10 (full 0):
 garbage-first heap   total 438272K, used 189096K [0x0000000706a00000, 0x0000000800000000)
  region size 1024K, 16 young (16384K), 16 survivors (16384K)
 Metaspace       used 5926K, capacity 6376K, committed 6528K, reserved 1056768K
  class space    used 494K, capacity 606K, committed 640K, reserved 1048576K
}
Event: 2,116 GC heap before
{Heap before GC invocations=10 (full 0):
 garbage-first heap   total 438272K, used 278184K [0x0000000706a00000, 0x0000000800000000)
  region size 1024K, 104 young (106496K), 16 survivors (16384K)
 Metaspace       used 5926K, capacity 6376K, committed 6528K, reserved 1056768K
  class space    used 494K, capacity 606K, committed 640K, reserved 1048576K
}
Event: 2,129 GC heap after
{Heap after GC invocations=11 (full 0):
 garbage-first heap   total 438272K, used 224484K [0x0000000706a00000, 0x0000000800000000)
  region size 1024K, 13 young (13312K), 13 survivors (13312K)
 Metaspace       used 5926K, capacity 6376K, committed 6528K, reserved 1056768K
  class space    used 494K, capacity 606K, committed 640K, reserved 1048576K
}
Event: 2,242 GC heap before
{Heap before GC invocations=11 (full 0):
 garbage-first heap   total 438272K, used 301284K [0x0000000706a00000, 0x0000000800000000)
  region size 1024K, 89 young (91136K), 13 survivors (13312K)
 Metaspace       used 5926K, capacity 6376K, committed 6528K, reserved 1056768K
  class space    used 494K, capacity 606K, committed 640K, reserved 1048576K
}
Event: 2,254 GC heap after
{Heap after GC invocations=12 (full 0):
 garbage-first heap   total 438272K, used 254692K [0x0000000706a00000, 0x0000000800000000)
  region size 1024K, 12 young (12288K), 12 survivors (12288K)
 Metaspace       used 5926K, capacity 6376K, committed 6528K, reserved 1056768K
  class space    used 494K, capacity 606K, committed 640K, reserved 1048576K
}

